<?xml version="1.0" encoding="UTF-8"?>
<testsuite xmlns:xsi="http://www.w3.org/2001/XMLSchema-instance" xsi:noNamespaceSchemaLocation="https://maven.apache.org/surefire/maven-surefire-plugin/xsd/surefire-test-report-3.0.xsd" version="3.0" name="TestSuite" time="24.427" tests="1" errors="0" skipped="0" failures="0">
  <properties>
    <property name="java.specification.version" value="19"/>
    <property name="webdriver.chrome.driver" value="C:\Users\Asif.Sultan\.cache\selenium\chromedriver\win32\108.0.5359.71\chromedriver.exe"/>
    <property name="sun.cpu.isalist" value="amd64"/>
    <property name="sun.jnu.encoding" value="Cp1252"/>
    <property name="java.class.path" value="D:\eclipse\OOPConceptInPOM\target\test-classes;D:\eclipse\OOPConceptInPOM\target\classes;C:\Users\Asif.Sultan\.m2\repository\org\apache\maven\maven-plugin-api\3.8.6\maven-plugin-api-3.8.6.jar;C:\Users\Asif.Sultan\.m2\repository\org\apache\maven\maven-model\3.8.6\maven-model-3.8.6.jar;C:\Users\Asif.Sultan\.m2\repository\org\apache\maven\maven-artifact\3.8.6\maven-artifact-3.8.6.jar;C:\Users\Asif.Sultan\.m2\repository\org\eclipse\sisu\org.eclipse.sisu.plexus\0.3.5\org.eclipse.sisu.plexus-0.3.5.jar;C:\Users\Asif.Sultan\.m2\repository\javax\annotation\javax.annotation-api\1.2\javax.annotation-api-1.2.jar;C:\Users\Asif.Sultan\.m2\repository\org\eclipse\sisu\org.eclipse.sisu.inject\0.3.5\org.eclipse.sisu.inject-0.3.5.jar;C:\Users\Asif.Sultan\.m2\repository\org\codehaus\plexus\plexus-component-annotations\1.5.5\plexus-component-annotations-1.5.5.jar;C:\Users\Asif.Sultan\.m2\repository\org\codehaus\plexus\plexus-utils\3.3.1\plexus-utils-3.3.1.jar;C:\Users\Asif.Sultan\.m2\repository\org\codehaus\plexus\plexus-classworlds\2.6.0\plexus-classworlds-2.6.0.jar;C:\Users\Asif.Sultan\.m2\repository\org\seleniumhq\selenium\selenium-java\3.141.59\selenium-java-3.141.59.jar;C:\Users\Asif.Sultan\.m2\repository\org\seleniumhq\selenium\selenium-api\3.141.59\selenium-api-3.141.59.jar;C:\Users\Asif.Sultan\.m2\repository\org\seleniumhq\selenium\selenium-chrome-driver\3.141.59\selenium-chrome-driver-3.141.59.jar;C:\Users\Asif.Sultan\.m2\repository\org\seleniumhq\selenium\selenium-edge-driver\3.141.59\selenium-edge-driver-3.141.59.jar;C:\Users\Asif.Sultan\.m2\repository\org\seleniumhq\selenium\selenium-firefox-driver\3.141.59\selenium-firefox-driver-3.141.59.jar;C:\Users\Asif.Sultan\.m2\repository\org\seleniumhq\selenium\selenium-ie-driver\3.141.59\selenium-ie-driver-3.141.59.jar;C:\Users\Asif.Sultan\.m2\repository\org\seleniumhq\selenium\selenium-opera-driver\3.141.59\selenium-opera-driver-3.141.59.jar;C:\Users\Asif.Sultan\.m2\repository\org\seleniumhq\selenium\selenium-remote-driver\3.141.59\selenium-remote-driver-3.141.59.jar;C:\Users\Asif.Sultan\.m2\repository\org\seleniumhq\selenium\selenium-safari-driver\3.141.59\selenium-safari-driver-3.141.59.jar;C:\Users\Asif.Sultan\.m2\repository\org\seleniumhq\selenium\selenium-support\3.141.59\selenium-support-3.141.59.jar;C:\Users\Asif.Sultan\.m2\repository\net\bytebuddy\byte-buddy\1.8.15\byte-buddy-1.8.15.jar;C:\Users\Asif.Sultan\.m2\repository\org\apache\commons\commons-exec\1.3\commons-exec-1.3.jar;C:\Users\Asif.Sultan\.m2\repository\com\google\guava\guava\25.0-jre\guava-25.0-jre.jar;C:\Users\Asif.Sultan\.m2\repository\com\google\code\findbugs\jsr305\1.3.9\jsr305-1.3.9.jar;C:\Users\Asif.Sultan\.m2\repository\org\checkerframework\checker-compat-qual\2.0.0\checker-compat-qual-2.0.0.jar;C:\Users\Asif.Sultan\.m2\repository\com\google\errorprone\error_prone_annotations\2.1.3\error_prone_annotations-2.1.3.jar;C:\Users\Asif.Sultan\.m2\repository\com\google\j2objc\j2objc-annotations\1.1\j2objc-annotations-1.1.jar;C:\Users\Asif.Sultan\.m2\repository\org\codehaus\mojo\animal-sniffer-annotations\1.14\animal-sniffer-annotations-1.14.jar;C:\Users\Asif.Sultan\.m2\repository\com\squareup\okhttp3\okhttp\3.11.0\okhttp-3.11.0.jar;C:\Users\Asif.Sultan\.m2\repository\com\squareup\okio\okio\1.14.0\okio-1.14.0.jar;C:\Users\Asif.Sultan\.m2\repository\io\github\bonigarcia\webdrivermanager\4.4.0\webdrivermanager-4.4.0.jar;C:\Users\Asif.Sultan\.m2\repository\org\slf4j\slf4j-api\1.7.30\slf4j-api-1.7.30.jar;C:\Users\Asif.Sultan\.m2\repository\commons-io\commons-io\2.8.0\commons-io-2.8.0.jar;C:\Users\Asif.Sultan\.m2\repository\com\google\code\gson\gson\2.8.6\gson-2.8.6.jar;C:\Users\Asif.Sultan\.m2\repository\org\apache\commons\commons-lang3\3.12.0\commons-lang3-3.12.0.jar;C:\Users\Asif.Sultan\.m2\repository\org\apache\httpcomponents\client5\httpclient5\5.0.3\httpclient5-5.0.3.jar;C:\Users\Asif.Sultan\.m2\repository\org\apache\httpcomponents\core5\httpcore5\5.0.2\httpcore5-5.0.2.jar;C:\Users\Asif.Sultan\.m2\repository\org\apache\httpcomponents\core5\httpcore5-h2\5.0.2\httpcore5-h2-5.0.2.jar;C:\Users\Asif.Sultan\.m2\repository\org\rauschig\jarchivelib\1.1.0\jarchivelib-1.1.0.jar;C:\Users\Asif.Sultan\.m2\repository\org\jsoup\jsoup\1.13.1\jsoup-1.13.1.jar;C:\Users\Asif.Sultan\.m2\repository\org\testng\testng\6.9.8\testng-6.9.8.jar;C:\Users\Asif.Sultan\.m2\repository\org\beanshell\bsh\2.0b4\bsh-2.0b4.jar;C:\Users\Asif.Sultan\.m2\repository\com\beust\jcommander\1.48\jcommander-1.48.jar;C:\Users\Asif.Sultan\.m2\repository\org\apache\poi\poi-ooxml\4.1.2\poi-ooxml-4.1.2.jar;C:\Users\Asif.Sultan\.m2\repository\org\apache\commons\commons-compress\1.19\commons-compress-1.19.jar;C:\Users\Asif.Sultan\.m2\repository\com\github\virtuald\curvesapi\1.06\curvesapi-1.06.jar;C:\Users\Asif.Sultan\.m2\repository\org\apache\poi\poi\4.1.2\poi-4.1.2.jar;C:\Users\Asif.Sultan\.m2\repository\commons-codec\commons-codec\1.13\commons-codec-1.13.jar;C:\Users\Asif.Sultan\.m2\repository\org\apache\commons\commons-collections4\4.4\commons-collections4-4.4.jar;C:\Users\Asif.Sultan\.m2\repository\org\apache\commons\commons-math3\3.6.1\commons-math3-3.6.1.jar;C:\Users\Asif.Sultan\.m2\repository\com\zaxxer\SparseBitSet\1.2\SparseBitSet-1.2.jar;C:\Users\Asif.Sultan\.m2\repository\org\apache\poi\poi-ooxml-schemas\4.1.2\poi-ooxml-schemas-4.1.2.jar;C:\Users\Asif.Sultan\.m2\repository\org\apache\xmlbeans\xmlbeans\3.1.0\xmlbeans-3.1.0.jar;"/>
    <property name="java.vm.vendor" value="Oracle Corporation"/>
    <property name="sun.arch.data.model" value="64"/>
    <property name="user.variant" value=""/>
    <property name="java.vendor.url" value="https://java.oracle.com/"/>
    <property name="user.timezone" value="Asia/Karachi"/>
    <property name="os.name" value="Windows 11"/>
    <property name="java.vm.specification.version" value="19"/>
    <property name="sun.java.launcher" value="SUN_STANDARD"/>
    <property name="user.country" value="US"/>
    <property name="sun.boot.library.path" value="C:\Program Files\Java\jdk-19.0.1\bin"/>
    <property name="sun.java.command" value="C:\Users\Asif.Sultan\AppData\Local\Temp\surefire15162156045396440916\surefirebooter-20230102110601937_3.jar C:\Users\Asif.Sultan\AppData\Local\Temp\surefire15162156045396440916 2023-01-02T11-06-01_280-jvmRun1 surefire-20230102110601937_1tmp surefire_0-20230102110601937_2tmp"/>
    <property name="jdk.debug" value="release"/>
    <property name="surefire.test.class.path" value="D:\eclipse\OOPConceptInPOM\target\test-classes;D:\eclipse\OOPConceptInPOM\target\classes;C:\Users\Asif.Sultan\.m2\repository\org\apache\maven\maven-plugin-api\3.8.6\maven-plugin-api-3.8.6.jar;C:\Users\Asif.Sultan\.m2\repository\org\apache\maven\maven-model\3.8.6\maven-model-3.8.6.jar;C:\Users\Asif.Sultan\.m2\repository\org\apache\maven\maven-artifact\3.8.6\maven-artifact-3.8.6.jar;C:\Users\Asif.Sultan\.m2\repository\org\eclipse\sisu\org.eclipse.sisu.plexus\0.3.5\org.eclipse.sisu.plexus-0.3.5.jar;C:\Users\Asif.Sultan\.m2\repository\javax\annotation\javax.annotation-api\1.2\javax.annotation-api-1.2.jar;C:\Users\Asif.Sultan\.m2\repository\org\eclipse\sisu\org.eclipse.sisu.inject\0.3.5\org.eclipse.sisu.inject-0.3.5.jar;C:\Users\Asif.Sultan\.m2\repository\org\codehaus\plexus\plexus-component-annotations\1.5.5\plexus-component-annotations-1.5.5.jar;C:\Users\Asif.Sultan\.m2\repository\org\codehaus\plexus\plexus-utils\3.3.1\plexus-utils-3.3.1.jar;C:\Users\Asif.Sultan\.m2\repository\org\codehaus\plexus\plexus-classworlds\2.6.0\plexus-classworlds-2.6.0.jar;C:\Users\Asif.Sultan\.m2\repository\org\seleniumhq\selenium\selenium-java\3.141.59\selenium-java-3.141.59.jar;C:\Users\Asif.Sultan\.m2\repository\org\seleniumhq\selenium\selenium-api\3.141.59\selenium-api-3.141.59.jar;C:\Users\Asif.Sultan\.m2\repository\org\seleniumhq\selenium\selenium-chrome-driver\3.141.59\selenium-chrome-driver-3.141.59.jar;C:\Users\Asif.Sultan\.m2\repository\org\seleniumhq\selenium\selenium-edge-driver\3.141.59\selenium-edge-driver-3.141.59.jar;C:\Users\Asif.Sultan\.m2\repository\org\seleniumhq\selenium\selenium-firefox-driver\3.141.59\selenium-firefox-driver-3.141.59.jar;C:\Users\Asif.Sultan\.m2\repository\org\seleniumhq\selenium\selenium-ie-driver\3.141.59\selenium-ie-driver-3.141.59.jar;C:\Users\Asif.Sultan\.m2\repository\org\seleniumhq\selenium\selenium-opera-driver\3.141.59\selenium-opera-driver-3.141.59.jar;C:\Users\Asif.Sultan\.m2\repository\org\seleniumhq\selenium\selenium-remote-driver\3.141.59\selenium-remote-driver-3.141.59.jar;C:\Users\Asif.Sultan\.m2\repository\org\seleniumhq\selenium\selenium-safari-driver\3.141.59\selenium-safari-driver-3.141.59.jar;C:\Users\Asif.Sultan\.m2\repository\org\seleniumhq\selenium\selenium-support\3.141.59\selenium-support-3.141.59.jar;C:\Users\Asif.Sultan\.m2\repository\net\bytebuddy\byte-buddy\1.8.15\byte-buddy-1.8.15.jar;C:\Users\Asif.Sultan\.m2\repository\org\apache\commons\commons-exec\1.3\commons-exec-1.3.jar;C:\Users\Asif.Sultan\.m2\repository\com\google\guava\guava\25.0-jre\guava-25.0-jre.jar;C:\Users\Asif.Sultan\.m2\repository\com\google\code\findbugs\jsr305\1.3.9\jsr305-1.3.9.jar;C:\Users\Asif.Sultan\.m2\repository\org\checkerframework\checker-compat-qual\2.0.0\checker-compat-qual-2.0.0.jar;C:\Users\Asif.Sultan\.m2\repository\com\google\errorprone\error_prone_annotations\2.1.3\error_prone_annotations-2.1.3.jar;C:\Users\Asif.Sultan\.m2\repository\com\google\j2objc\j2objc-annotations\1.1\j2objc-annotations-1.1.jar;C:\Users\Asif.Sultan\.m2\repository\org\codehaus\mojo\animal-sniffer-annotations\1.14\animal-sniffer-annotations-1.14.jar;C:\Users\Asif.Sultan\.m2\repository\com\squareup\okhttp3\okhttp\3.11.0\okhttp-3.11.0.jar;C:\Users\Asif.Sultan\.m2\repository\com\squareup\okio\okio\1.14.0\okio-1.14.0.jar;C:\Users\Asif.Sultan\.m2\repository\io\github\bonigarcia\webdrivermanager\4.4.0\webdrivermanager-4.4.0.jar;C:\Users\Asif.Sultan\.m2\repository\org\slf4j\slf4j-api\1.7.30\slf4j-api-1.7.30.jar;C:\Users\Asif.Sultan\.m2\repository\commons-io\commons-io\2.8.0\commons-io-2.8.0.jar;C:\Users\Asif.Sultan\.m2\repository\com\google\code\gson\gson\2.8.6\gson-2.8.6.jar;C:\Users\Asif.Sultan\.m2\repository\org\apache\commons\commons-lang3\3.12.0\commons-lang3-3.12.0.jar;C:\Users\Asif.Sultan\.m2\repository\org\apache\httpcomponents\client5\httpclient5\5.0.3\httpclient5-5.0.3.jar;C:\Users\Asif.Sultan\.m2\repository\org\apache\httpcomponents\core5\httpcore5\5.0.2\httpcore5-5.0.2.jar;C:\Users\Asif.Sultan\.m2\repository\org\apache\httpcomponents\core5\httpcore5-h2\5.0.2\httpcore5-h2-5.0.2.jar;C:\Users\Asif.Sultan\.m2\repository\org\rauschig\jarchivelib\1.1.0\jarchivelib-1.1.0.jar;C:\Users\Asif.Sultan\.m2\repository\org\jsoup\jsoup\1.13.1\jsoup-1.13.1.jar;C:\Users\Asif.Sultan\.m2\repository\org\testng\testng\6.9.8\testng-6.9.8.jar;C:\Users\Asif.Sultan\.m2\repository\org\beanshell\bsh\2.0b4\bsh-2.0b4.jar;C:\Users\Asif.Sultan\.m2\repository\com\beust\jcommander\1.48\jcommander-1.48.jar;C:\Users\Asif.Sultan\.m2\repository\org\apache\poi\poi-ooxml\4.1.2\poi-ooxml-4.1.2.jar;C:\Users\Asif.Sultan\.m2\repository\org\apache\commons\commons-compress\1.19\commons-compress-1.19.jar;C:\Users\Asif.Sultan\.m2\repository\com\github\virtuald\curvesapi\1.06\curvesapi-1.06.jar;C:\Users\Asif.Sultan\.m2\repository\org\apache\poi\poi\4.1.2\poi-4.1.2.jar;C:\Users\Asif.Sultan\.m2\repository\commons-codec\commons-codec\1.13\commons-codec-1.13.jar;C:\Users\Asif.Sultan\.m2\repository\org\apache\commons\commons-collections4\4.4\commons-collections4-4.4.jar;C:\Users\Asif.Sultan\.m2\repository\org\apache\commons\commons-math3\3.6.1\commons-math3-3.6.1.jar;C:\Users\Asif.Sultan\.m2\repository\com\zaxxer\SparseBitSet\1.2\SparseBitSet-1.2.jar;C:\Users\Asif.Sultan\.m2\repository\org\apache\poi\poi-ooxml-schemas\4.1.2\poi-ooxml-schemas-4.1.2.jar;C:\Users\Asif.Sultan\.m2\repository\org\apache\xmlbeans\xmlbeans\3.1.0\xmlbeans-3.1.0.jar;"/>
    <property name="sun.cpu.endian" value="little"/>
    <property name="user.home" value="C:\Users\Asif.Sultan"/>
    <property name="user.language" value="en"/>
    <property name="java.specification.vendor" value="Oracle Corporation"/>
    <property name="java.version.date" value="2022-10-18"/>
    <property name="java.home" value="C:\Program Files\Java\jdk-19.0.1"/>
    <property name="file.separator" value="\"/>
    <property name="basedir" value="D:\eclipse\OOPConceptInPOM"/>
    <property name="java.vm.compressedOopsMode" value="Zero based"/>
    <property name="line.separator" value="&#10;"/>
    <property name="java.vm.specification.vendor" value="Oracle Corporation"/>
    <property name="java.specification.name" value="Java Platform API Specification"/>
    <property name="surefire.real.class.path" value="C:\Users\Asif.Sultan\AppData\Local\Temp\surefire15162156045396440916\surefirebooter-20230102110601937_3.jar"/>
    <property name="user.script" value=""/>
    <property name="sun.management.compiler" value="HotSpot 64-Bit Tiered Compilers"/>
    <property name="java.runtime.version" value="19.0.1+10-21"/>
    <property name="user.name" value="Asif.Sultan"/>
    <property name="stdout.encoding" value="Cp1252"/>
    <property name="path.separator" value=";"/>
    <property name="os.version" value="10.0"/>
    <property name="java.runtime.name" value="Java(TM) SE Runtime Environment"/>
    <property name="file.encoding" value="UTF-8"/>
    <property name="java.vm.name" value="Java HotSpot(TM) 64-Bit Server VM"/>
    <property name="localRepository" value="C:\Users\Asif.Sultan\.m2\repository"/>
    <property name="java.vendor.url.bug" value="https://bugreport.java.com/bugreport/"/>
    <property name="java.io.tmpdir" value="C:\Users\ASIF~1.SUL\AppData\Local\Temp\"/>
    <property name="java.version" value="19.0.1"/>
    <property name="user.dir" value="D:\eclipse\OOPConceptInPOM"/>
    <property name="os.arch" value="amd64"/>
    <property name="java.vm.specification.name" value="Java Virtual Machine Specification"/>
    <property name="sun.os.patch.level" value=""/>
    <property name="native.encoding" value="Cp1252"/>
    <property name="java.library.path" value="C:\Program Files\Java\jdk-19.0.1\bin;C:\WINDOWS\Sun\Java\bin;C:\WINDOWS\system32;C:\WINDOWS;C:\Users\Asif.Sultan\.jenkins\tools\hudson.tasks.Maven_MavenInstallation\TestMaven/bin;C:\WINDOWS\system32;C:\WINDOWS;C:\WINDOWS\System32\Wbem;C:\WINDOWS\System32\WindowsPowerShell\v1.0\;C:\WINDOWS\System32\OpenSSH\;C:\Program Files\dotnet\;C:\Users\Asif.Sultan\AppData\Local\Microsoft\WindowsApps;C:\Users\Asif.Sultan\AppData\Local\GitHubDesktop\bin;C:\apache-maven-3.8.6\bin;C:\Program Files\Java\jdk-19.0.1\bin;."/>
    <property name="java.vm.info" value="mixed mode, sharing"/>
    <property name="stderr.encoding" value="Cp1252"/>
    <property name="java.vendor" value="Oracle Corporation"/>
    <property name="java.vm.version" value="19.0.1+10-21"/>
    <property name="sun.io.unicode.encoding" value="UnicodeLittle"/>
    <property name="java.class.version" value="63.0"/>
  </properties>
  <testcase name="lofinToWebsite[03224444010, 4264158!, 9999](1)" classname="com.tests.LoginPageTest" time="1.899">
    <system-err><![CDATA[SLF4J: Failed to load class "org.slf4j.impl.StaticLoggerBinder".
SLF4J: Defaulting to no-operation (NOP) logger implementation
SLF4J: See http://www.slf4j.org/codes.html#StaticLoggerBinder for further details.
Starting ChromeDriver 108.0.5359.71 (1e0e3868ee06e91ad636a874420e3ca3ae3756ac-refs/branch-heads/5359@{#1016}) on port 43920
Only local connections are allowed.
Please see https://chromedriver.chromium.org/security-considerations for suggestions on keeping ChromeDriver safe.
ChromeDriver was started successfully.
Jan 02, 2023 11:06:10 AM org.openqa.selenium.remote.ProtocolHandshake createSession
INFO: Detected dialect: W3C
]]></system-err>
  </testcase>
</testsuite>