<?xml version="1.0" encoding="UTF-8"?>
<!-- Generated by org.testng.reporters.JUnitReportReporter -->
<testsuite hostname="BSS-PC109" failures="0" tests="2" name="com.tests.LoginPageTest" time="15.483" errors="0" timestamp="2022-12-30T11:12:08 PKT" skipped="1">
  <testcase classname="com.tests.LoginPageTest" name="lofinToWebsite" time="15.483"/>
  <system-out/>
  <testcase classname="com.tests.LoginPageTest" name="getLoginPageTitle">
    <skipped/>
  </testcase> <!-- getLoginPageTitle -->
  <system-out/>
</testsuite> <!-- com.tests.LoginPageTest -->
