<?xml version="1.0" encoding="UTF-8"?>
<!-- Generated by org.testng.reporters.JUnitReportReporter -->
<testsuite hostname="DESKTOP-C7H2VE2" failures="0" tests="1" name="com.tests.LoginPageTest" time="25.093" errors="0" timestamp="9 Feb 2023 08:02:24 GMT">
  <testcase classname="com.tests.LoginPageTest" name="lofinToWebsite" time="25.093"/>
</testsuite> <!-- com.tests.LoginPageTest -->
