<?xml version="1.0" encoding="UTF-8"?>
<!-- Generated by org.testng.reporters.JUnitReportReporter -->
<testsuite hostname="DESKTOP-C7H2VE2" failures="0" tests="2" name="com.tests.LoginPageTest" time="11.196" errors="0" timestamp="2023-03-10T12:00:01 PKT" skipped="1">
  <testcase classname="com.tests.LoginPageTest" name="loginToWebsite" time="11.196"/>
  <system-out/>
  <testcase classname="com.tests.LoginPageTest" name="getLoginPageTitle">
    <skipped/>
  </testcase> <!-- getLoginPageTitle -->
  <system-out/>
</testsuite> <!-- com.tests.LoginPageTest -->
