<?xml version="1.0" encoding="UTF-8"?>
<!-- Generated by org.testng.reporters.JUnitReportReporter -->
<testsuite hostname="BSS-PC109" failures="0" tests="1" name="com.tests.LoginPageTest" time="22.551" errors="0" timestamp="2 Jan 2023 06:06:27 GMT">
  <testcase classname="com.tests.LoginPageTest" name="lofinToWebsite" time="22.551"/>
</testsuite> <!-- com.tests.LoginPageTest -->
